2023-06-21 22:58:56.948  INFO 12296 --- [main] com.example.auth.AuthApplication         : Starting AuthApplication using Java 11.0.11 on DESKTOP-HO3T745 with PID 12296 (C:\Users\user\project\auth\build\classes\java\main started by user in C:\Users\user\project\auth)
2023-06-21 22:58:56.951  INFO 12296 --- [main] com.example.auth.AuthApplication         : No active profile set, falling back to 1 default profile: "default"
2023-06-21 22:58:57.494  INFO 12296 --- [main] .s.d.r.c.RepositoryConfigurationDelegate : Bootstrapping Spring Data JPA repositories in DEFAULT mode.
2023-06-21 22:58:57.506  INFO 12296 --- [main] .s.d.r.c.RepositoryConfigurationDelegate : Finished Spring Data repository scanning in 4 ms. Found 0 JPA repository interfaces.
2023-06-21 22:58:57.983  INFO 12296 --- [main] o.s.b.w.embedded.tomcat.TomcatWebServer  : Tomcat initialized with port(s): 8080 (http)
2023-06-21 22:58:57.991  INFO 12296 --- [main] o.apache.catalina.core.StandardService   : Starting service [Tomcat]
2023-06-21 22:58:57.991  INFO 12296 --- [main] org.apache.catalina.core.StandardEngine  : Starting Servlet engine: [Apache Tomcat/9.0.75]
2023-06-21 22:58:58.124  INFO 12296 --- [main] o.a.c.c.C.[Tomcat].[localhost].[/]       : Initializing Spring embedded WebApplicationContext
2023-06-21 22:58:58.125  INFO 12296 --- [main] w.s.c.ServletWebServerApplicationContext : Root WebApplicationContext: initialization completed in 1135 ms
2023-06-21 22:58:58.291  INFO 12296 --- [main] com.zaxxer.hikari.HikariDataSource       : HikariPool-1 - Starting...
2023-06-21 22:58:58.585  INFO 12296 --- [main] com.zaxxer.hikari.HikariDataSource       : HikariPool-1 - Start completed.
2023-06-21 22:58:58.621  INFO 12296 --- [main] o.hibernate.jpa.internal.util.LogHelper  : HHH000204: Processing PersistenceUnitInfo [name: default]
2023-06-21 22:58:58.663  INFO 12296 --- [main] org.hibernate.Version                    : HHH000412: Hibernate ORM core version 5.6.15.Final
2023-06-21 22:58:58.804  INFO 12296 --- [main] o.hibernate.annotations.common.Version   : HCANN000001: Hibernate Commons Annotations {5.1.2.Final}
2023-06-21 22:58:58.915  INFO 12296 --- [main] org.hibernate.dialect.Dialect            : HHH000400: Using dialect: org.hibernate.dialect.MySQL8Dialect
2023-06-21 22:58:59.065  INFO 12296 --- [main] o.h.e.t.j.p.i.JtaPlatformInitiator       : HHH000490: Using JtaPlatform implementation: [org.hibernate.engine.transaction.jta.platform.internal.NoJtaPlatform]
2023-06-21 22:58:59.080  INFO 12296 --- [main] j.LocalContainerEntityManagerFactoryBean : Initialized JPA EntityManagerFactory for persistence unit 'default'
2023-06-21 22:58:59.120  WARN 12296 --- [main] JpaBaseConfiguration$JpaWebConfiguration : spring.jpa.open-in-view is enabled by default. Therefore, database queries may be performed during view rendering. Explicitly configure spring.jpa.open-in-view to disable this warning
2023-06-21 22:58:59.557  WARN 12296 --- [main] .s.s.UserDetailsServiceAutoConfiguration : 

Using generated security password: 405c1e98-d950-4b20-9a93-6b09c9ad58b6

This generated password is for development use only. Your security configuration must be updated before running your application in production.

2023-06-21 22:58:59.651  INFO 12296 --- [main] o.s.s.web.DefaultSecurityFilterChain     : Will secure any request with [org.springframework.security.web.session.DisableEncodeUrlFilter@45e69324, org.springframework.security.web.context.request.async.WebAsyncManagerIntegrationFilter@3c89b864, org.springframework.security.web.context.SecurityContextPersistenceFilter@6e017950, org.springframework.security.web.header.HeaderWriterFilter@570ed9c, org.springframework.security.web.csrf.CsrfFilter@174e1b99, org.springframework.security.web.authentication.logout.LogoutFilter@4bc21e34, org.springframework.security.web.authentication.UsernamePasswordAuthenticationFilter@64544ee4, org.springframework.security.web.authentication.ui.DefaultLoginPageGeneratingFilter@1592e540, org.springframework.security.web.authentication.ui.DefaultLogoutPageGeneratingFilter@3400d6fa, org.springframework.security.web.authentication.www.BasicAuthenticationFilter@1aa59698, org.springframework.security.web.savedrequest.RequestCacheAwareFilter@727956bb, org.springframework.security.web.servletapi.SecurityContextHolderAwareRequestFilter@6ffbf0ac, org.springframework.security.web.authentication.AnonymousAuthenticationFilter@30a62a5b, org.springframework.security.web.session.SessionManagementFilter@5034681f, org.springframework.security.web.access.ExceptionTranslationFilter@5896b9f5, org.springframework.security.web.access.intercept.FilterSecurityInterceptor@25823192]
2023-06-21 22:58:59.710  INFO 12296 --- [main] o.s.b.w.embedded.tomcat.TomcatWebServer  : Tomcat started on port(s): 8080 (http) with context path ''
2023-06-21 22:58:59.719  INFO 12296 --- [main] com.example.auth.AuthApplication         : Started AuthApplication in 3.242 seconds (JVM running for 4.309)
2023-06-21 22:59:12.707  INFO 12296 --- [http-nio-8080-exec-1] o.a.c.c.C.[Tomcat].[localhost].[/]       : Initializing Spring DispatcherServlet 'dispatcherServlet'
2023-06-21 22:59:12.709  INFO 12296 --- [http-nio-8080-exec-1] o.s.web.servlet.DispatcherServlet        : Initializing Servlet 'dispatcherServlet'
2023-06-21 22:59:12.710  INFO 12296 --- [http-nio-8080-exec-1] o.s.web.servlet.DispatcherServlet        : Completed initialization in 1 ms
2023-06-21 22:59:13.175  WARN 12296 --- [http-nio-8080-exec-1] o.a.c.util.SessionIdGeneratorBase        : Creation of SecureRandom instance for session ID generation using [SHA1PRNG] took [425] milliseconds.
2023-06-21 23:07:12.813  INFO 12296 --- [SpringApplicationShutdownHook] j.LocalContainerEntityManagerFactoryBean : Closing JPA EntityManagerFactory for persistence unit 'default'
2023-06-21 23:07:12.816  INFO 12296 --- [SpringApplicationShutdownHook] com.zaxxer.hikari.HikariDataSource       : HikariPool-1 - Shutdown initiated...
2023-06-21 23:07:12.820  INFO 12296 --- [SpringApplicationShutdownHook] com.zaxxer.hikari.HikariDataSource       : HikariPool-1 - Shutdown completed.
2023-06-21 23:07:17.467  INFO 19548 --- [main] com.example.auth.AuthApplication         : Starting AuthApplication using Java 11.0.11 on DESKTOP-HO3T745 with PID 19548 (C:\Users\user\project\auth\build\classes\java\main started by user in C:\Users\user\project\auth)
2023-06-21 23:07:17.470  INFO 19548 --- [main] com.example.auth.AuthApplication         : No active profile set, falling back to 1 default profile: "default"
2023-06-21 23:07:18.172  INFO 19548 --- [main] .s.d.r.c.RepositoryConfigurationDelegate : Bootstrapping Spring Data JPA repositories in DEFAULT mode.
2023-06-21 23:07:18.188  INFO 19548 --- [main] .s.d.r.c.RepositoryConfigurationDelegate : Finished Spring Data repository scanning in 6 ms. Found 0 JPA repository interfaces.
2023-06-21 23:07:18.687  INFO 19548 --- [main] o.s.b.w.embedded.tomcat.TomcatWebServer  : Tomcat initialized with port(s): 8080 (http)
2023-06-21 23:07:18.696  INFO 19548 --- [main] o.apache.catalina.core.StandardService   : Starting service [Tomcat]
2023-06-21 23:07:18.696  INFO 19548 --- [main] org.apache.catalina.core.StandardEngine  : Starting Servlet engine: [Apache Tomcat/9.0.75]
2023-06-21 23:07:18.846  INFO 19548 --- [main] o.a.c.c.C.[Tomcat].[localhost].[/]       : Initializing Spring embedded WebApplicationContext
2023-06-21 23:07:18.846  INFO 19548 --- [main] w.s.c.ServletWebServerApplicationContext : Root WebApplicationContext: initialization completed in 1325 ms
2023-06-21 23:07:19.009  INFO 19548 --- [main] com.zaxxer.hikari.HikariDataSource       : HikariPool-1 - Starting...
2023-06-21 23:07:19.242  INFO 19548 --- [main] com.zaxxer.hikari.HikariDataSource       : HikariPool-1 - Start completed.
2023-06-21 23:07:19.286  INFO 19548 --- [main] o.hibernate.jpa.internal.util.LogHelper  : HHH000204: Processing PersistenceUnitInfo [name: default]
2023-06-21 23:07:19.336  INFO 19548 --- [main] org.hibernate.Version                    : HHH000412: Hibernate ORM core version 5.6.15.Final
2023-06-21 23:07:19.493  INFO 19548 --- [main] o.hibernate.annotations.common.Version   : HCANN000001: Hibernate Commons Annotations {5.1.2.Final}
2023-06-21 23:07:19.609  INFO 19548 --- [main] org.hibernate.dialect.Dialect            : HHH000400: Using dialect: org.hibernate.dialect.MySQL8Dialect
2023-06-21 23:07:19.760  INFO 19548 --- [main] o.h.e.t.j.p.i.JtaPlatformInitiator       : HHH000490: Using JtaPlatform implementation: [org.hibernate.engine.transaction.jta.platform.internal.NoJtaPlatform]
2023-06-21 23:07:19.773  INFO 19548 --- [main] j.LocalContainerEntityManagerFactoryBean : Initialized JPA EntityManagerFactory for persistence unit 'default'
2023-06-21 23:07:19.819  WARN 19548 --- [main] JpaBaseConfiguration$JpaWebConfiguration : spring.jpa.open-in-view is enabled by default. Therefore, database queries may be performed during view rendering. Explicitly configure spring.jpa.open-in-view to disable this warning
2023-06-21 23:07:19.862  WARN 19548 --- [main] .s.s.UserDetailsServiceAutoConfiguration : 

Using generated security password: e3707818-a8a2-4e86-95c5-036b22123f3d

This generated password is for development use only. Your security configuration must be updated before running your application in production.

2023-06-21 23:07:19.934  INFO 19548 --- [main] o.s.s.web.DefaultSecurityFilterChain     : Will secure any request with [org.springframework.security.web.session.DisableEncodeUrlFilter@27dfd12b, org.springframework.security.web.context.request.async.WebAsyncManagerIntegrationFilter@4348fa35, org.springframework.security.web.context.SecurityContextPersistenceFilter@3ce7490a, org.springframework.security.web.header.HeaderWriterFilter@1308ef19, org.springframework.security.web.csrf.CsrfFilter@7ee64b53, org.springframework.security.web.authentication.logout.LogoutFilter@1218e12, org.springframework.security.web.savedrequest.RequestCacheAwareFilter@1530d0f2, org.springframework.security.web.servletapi.SecurityContextHolderAwareRequestFilter@2df71be0, org.springframework.security.web.authentication.AnonymousAuthenticationFilter@563843f1, org.springframework.security.web.session.SessionManagementFilter@29aa4bc9, org.springframework.security.web.access.ExceptionTranslationFilter@4ca970d5]
2023-06-21 23:07:20.257  INFO 19548 --- [main] o.s.b.w.embedded.tomcat.TomcatWebServer  : Tomcat started on port(s): 8080 (http) with context path ''
2023-06-21 23:07:20.267  INFO 19548 --- [main] com.example.auth.AuthApplication         : Started AuthApplication in 3.322 seconds (JVM running for 4.508)
2023-06-21 23:07:27.011  INFO 19548 --- [http-nio-8080-exec-1] o.a.c.c.C.[Tomcat].[localhost].[/]       : Initializing Spring DispatcherServlet 'dispatcherServlet'
2023-06-21 23:07:27.012  INFO 19548 --- [http-nio-8080-exec-1] o.s.web.servlet.DispatcherServlet        : Initializing Servlet 'dispatcherServlet'
2023-06-21 23:07:27.015  INFO 19548 --- [http-nio-8080-exec-1] o.s.web.servlet.DispatcherServlet        : Completed initialization in 2 ms
2023-06-21 23:08:52.152  INFO 19548 --- [SpringApplicationShutdownHook] j.LocalContainerEntityManagerFactoryBean : Closing JPA EntityManagerFactory for persistence unit 'default'
2023-06-21 23:08:52.158  INFO 19548 --- [SpringApplicationShutdownHook] com.zaxxer.hikari.HikariDataSource       : HikariPool-1 - Shutdown initiated...
2023-06-21 23:08:52.168  INFO 19548 --- [SpringApplicationShutdownHook] com.zaxxer.hikari.HikariDataSource       : HikariPool-1 - Shutdown completed.
2023-06-21 23:08:56.531  INFO 23668 --- [main] com.example.auth.AuthApplication         : Starting AuthApplication using Java 11.0.11 on DESKTOP-HO3T745 with PID 23668 (C:\Users\user\project\auth\build\classes\java\main started by user in C:\Users\user\project\auth)
2023-06-21 23:08:56.533  INFO 23668 --- [main] com.example.auth.AuthApplication         : No active profile set, falling back to 1 default profile: "default"
2023-06-21 23:08:57.163  INFO 23668 --- [main] .s.d.r.c.RepositoryConfigurationDelegate : Bootstrapping Spring Data JPA repositories in DEFAULT mode.
2023-06-21 23:08:57.179  INFO 23668 --- [main] .s.d.r.c.RepositoryConfigurationDelegate : Finished Spring Data repository scanning in 7 ms. Found 0 JPA repository interfaces.
2023-06-21 23:08:57.695  INFO 23668 --- [main] o.s.b.w.embedded.tomcat.TomcatWebServer  : Tomcat initialized with port(s): 8080 (http)
2023-06-21 23:08:57.704  INFO 23668 --- [main] o.apache.catalina.core.StandardService   : Starting service [Tomcat]
2023-06-21 23:08:57.705  INFO 23668 --- [main] org.apache.catalina.core.StandardEngine  : Starting Servlet engine: [Apache Tomcat/9.0.75]
2023-06-21 23:08:57.853  INFO 23668 --- [main] o.a.c.c.C.[Tomcat].[localhost].[/]       : Initializing Spring embedded WebApplicationContext
2023-06-21 23:08:57.854  INFO 23668 --- [main] w.s.c.ServletWebServerApplicationContext : Root WebApplicationContext: initialization completed in 1281 ms
2023-06-21 23:08:58.015  INFO 23668 --- [main] com.zaxxer.hikari.HikariDataSource       : HikariPool-1 - Starting...
2023-06-21 23:08:58.257  INFO 23668 --- [main] com.zaxxer.hikari.HikariDataSource       : HikariPool-1 - Start completed.
2023-06-21 23:08:58.298  INFO 23668 --- [main] o.hibernate.jpa.internal.util.LogHelper  : HHH000204: Processing PersistenceUnitInfo [name: default]
2023-06-21 23:08:58.348  INFO 23668 --- [main] org.hibernate.Version                    : HHH000412: Hibernate ORM core version 5.6.15.Final
2023-06-21 23:08:58.495  INFO 23668 --- [main] o.hibernate.annotations.common.Version   : HCANN000001: Hibernate Commons Annotations {5.1.2.Final}
2023-06-21 23:08:58.618  INFO 23668 --- [main] org.hibernate.dialect.Dialect            : HHH000400: Using dialect: org.hibernate.dialect.MySQL8Dialect
2023-06-21 23:08:58.771  INFO 23668 --- [main] o.h.e.t.j.p.i.JtaPlatformInitiator       : HHH000490: Using JtaPlatform implementation: [org.hibernate.engine.transaction.jta.platform.internal.NoJtaPlatform]
2023-06-21 23:08:58.785  INFO 23668 --- [main] j.LocalContainerEntityManagerFactoryBean : Initialized JPA EntityManagerFactory for persistence unit 'default'
2023-06-21 23:08:58.820  WARN 23668 --- [main] JpaBaseConfiguration$JpaWebConfiguration : spring.jpa.open-in-view is enabled by default. Therefore, database queries may be performed during view rendering. Explicitly configure spring.jpa.open-in-view to disable this warning
2023-06-21 23:08:58.867  WARN 23668 --- [main] .s.s.UserDetailsServiceAutoConfiguration : 

Using generated security password: 642daa07-0e8f-4cd2-aa90-368dadd4ff80

This generated password is for development use only. Your security configuration must be updated before running your application in production.

2023-06-21 23:08:58.954  INFO 23668 --- [main] o.s.s.web.DefaultSecurityFilterChain     : Will secure any request with [org.springframework.security.web.session.DisableEncodeUrlFilter@6921cfa, org.springframework.security.web.context.request.async.WebAsyncManagerIntegrationFilter@523abba9, org.springframework.security.web.context.SecurityContextPersistenceFilter@459bf87c, org.springframework.security.web.header.HeaderWriterFilter@5909ae90, org.springframework.security.web.csrf.CsrfFilter@1029cf9, org.springframework.security.web.authentication.logout.LogoutFilter@27e21083, org.springframework.security.web.savedrequest.RequestCacheAwareFilter@1aaf46e6, org.springframework.security.web.servletapi.SecurityContextHolderAwareRequestFilter@cf9bd1e, org.springframework.security.web.authentication.AnonymousAuthenticationFilter@6e090aaa, org.springframework.security.web.session.SessionManagementFilter@6533629, org.springframework.security.web.access.ExceptionTranslationFilter@698ac187]
2023-06-21 23:08:59.326  INFO 23668 --- [main] o.s.b.w.embedded.tomcat.TomcatWebServer  : Tomcat started on port(s): 8080 (http) with context path ''
2023-06-21 23:08:59.337  INFO 23668 --- [main] com.example.auth.AuthApplication         : Started AuthApplication in 3.279 seconds (JVM running for 4.384)
2023-06-21 23:09:03.899  INFO 23668 --- [http-nio-8080-exec-1] o.a.c.c.C.[Tomcat].[localhost].[/]       : Initializing Spring DispatcherServlet 'dispatcherServlet'
2023-06-21 23:09:03.899  INFO 23668 --- [http-nio-8080-exec-1] o.s.web.servlet.DispatcherServlet        : Initializing Servlet 'dispatcherServlet'
2023-06-21 23:09:03.901  INFO 23668 --- [http-nio-8080-exec-1] o.s.web.servlet.DispatcherServlet        : Completed initialization in 1 ms
2023-06-21 23:09:12.316  INFO 23668 --- [SpringApplicationShutdownHook] j.LocalContainerEntityManagerFactoryBean : Closing JPA EntityManagerFactory for persistence unit 'default'
2023-06-21 23:09:12.318  INFO 23668 --- [SpringApplicationShutdownHook] com.zaxxer.hikari.HikariDataSource       : HikariPool-1 - Shutdown initiated...
2023-06-21 23:09:12.321  INFO 23668 --- [SpringApplicationShutdownHook] com.zaxxer.hikari.HikariDataSource       : HikariPool-1 - Shutdown completed.
